# IPython log file

# Thu, 06 Dec 2018 20:51:50
import matplotlib
# Thu, 06 Dec 2018 20:52:09
matplotlib.use('Agg')
# Thu, 06 Dec 2018 20:52:28
import matplotlib.pyplot as plt
# Thu, 06 Dec 2018 20:52:47
a = np.random.radn(10000)
# Thu, 06 Dec 2018 20:53:06
a = np.random.randn(10000)
# Thu, 06 Dec 2018 20:53:16
import numpy as np
# Thu, 06 Dec 2018 20:53:26
a = np random.radn(10000)
# Thu, 06 Dec 2018 20:53:39
a = np.random.randn(10000)
# Thu, 06 Dec 2018 20:53:48
plt.hist(a)
#[Out]# (array([   10.,    77.,   459.,  1622.,  2924.,  2915.,  1493.,   433.,
#[Out]#           62.,     5.]),
#[Out]#  array([-4.00227116, -3.19617279, -2.39007441, -1.58397604, -0.77787767,
#[Out]#         0.0282207 ,  0.83431907,  1.64041744,  2.44651581,  3.25261418,
#[Out]#         4.05871255]),
#[Out]#  <a list of 10 Patch objects>)
# Thu, 06 Dec 2018 20:54:16
plt.savefig('1.3.2/Histogram')
# Thu, 06 Dec 2018 20:54:34
%logstop
