# IPython log file

# Fri, 07 Dec 2018 21:04:05
%run 1.3.2/Leung_1.3.2.py~
# Fri, 07 Dec 2018 21:04:16
%run 1.3.2/Leung_1.3.2.py_1.3.2.p
# Fri, 07 Dec 2018 21:04:28
%run 1.3.2/Leung_1.3.2.py
# Fri, 07 Dec 2018 21:05:42
def help(add_tip)
# Fri, 07 Dec 2018 21:10:28
add_tip()
# Fri, 07 Dec 2018 21:16:47
a = add_tip(20, 0.5)
# Fri, 07 Dec 2018 21:16:50
a
#[Out]# 30.0
# Fri, 07 Dec 2018 21:17:14
a = add_tip(20, 0.15)
# Fri, 07 Dec 2018 21:17:15
a
#[Out]# 23.0
# Fri, 07 Dec 2018 21:17:31
a = add_tip
# Fri, 07 Dec 2018 21:17:48
a = add_trip(30, 0.15)
# Fri, 07 Dec 2018 21:18:05
a = add_tip(30, 0.15)
# Fri, 07 Dec 2018 21:18:06
a
#[Out]# 34.5
# Fri, 07 Dec 2018 21:22:30
hyp(3,4)
