# IPython log file

%logstart -ort 1.3.2/logs/leung_1.3.2.2.log
5+4
#[Out]# 9
5+3.
#[Out]# 8.0
7*2
#[Out]# 14
7*2.
#[Out]# 14.0
7/2
#[Out]# 3
7/2.
#[Out]# 3.5
# 7b.(When dividing with decimal at the end, the answer shows with decimal number and without deciaml at the end, the answer doesn't show deciaml number at all.)
a-2
a=2
ryan=awesomer than conner
ryan
ryan=swesome
#8.Assignment
student_age=16
a
#[Out]# 2
connor=1 years old
connor
ryanisawesomerthanconnor=true
a
#[Out]# 2
a*7
#[Out]# 14
3 ** 2
#[Out]# 9
23 ** 43
#[Out]# 35834136918934220777541995677272642015423987712183913488967L
abs(-7)
#[Out]# 7
ryanisbetterthanconner="true"
ryanisbetterthanconner
#[Out]# 'true'
connor="1 years old"
connor
#[Out]# '1 years old'
What is a Connor="A 14 years old cry baby"
WhatIsAConnor?="A 14 years old human cry baby"
1.0 == 1
#[Out]# True
RyanAndConnor="Dum Dum"
RyanAndConnor
#[Out]# 'Dum Dum'
2/3
#[Out]# 0
1/2
#[Out]# 0
99/100
#[Out]# 0
%run 1.3.2/Leung_1.3.2.py
%run 1.3.2/leung_1.3.2.py
%run 1.3.2/leung_1.3.2py
%logstop
%logstart -ort 1.3.2/logs/Last_1.3.2.#.log
%logstart -ort 1.3.2/logs/Last_1.3.2.#.log
%logstop
# Fri, 07 Dec 2018 20:44:40
student_age="16"
# Fri, 07 Dec 2018 20:44:45
student_age
#[Out]# '16'
# Fri, 07 Dec 2018 20:54:30
t%run 1.3.2/Last_1.3.2.py #runs your code from the editor
# Fri, 07 Dec 2018 20:54:31
%run 1.3.2/Last_1.3.2.py #runs your code from the editor
# Fri, 07 Dec 2018 20:55:08
%run 1.3.2/Leung_1.3.2.py #runs your code from the editor
# Fri, 07 Dec 2018 21:00:26
help(add_tip)
# Fri, 07 Dec 2018 21:01:02
%run 1.3.2/Leung_1.3.2.py
# Fri, 07 Dec 2018 21:01:35
help(add_tip)
